Only x86_64 / Linux distributed in NPM package right now.
Trying globally installed anchor.
    Finished release [optimized] target(s) in 0.34s
Ledger location: .anchor/test-ledger
Log: .anchor/test-ledger/validator.log
Initializing...
thread 'main' panicked at cli/src/lib.rs:4309:48:
called `Option::unwrap()` on a `None` value
note: run with `RUST_BACKTRACE=1` environment variable to display a backtrace
Waiting for fees to stabilize 1...
Waiting for fees to stabilize 2...
Connecting...
Identity: 6QeckaCUbewqP2NqjRwrvk6B38F93HAEp7DCH8unPTY1
Genesis Hash: CMEKF79MrXq5qf4EHvUniUoCoJncAfnsoB48GQXQeb7s
Version: 1.16.24
Shred Version: 54965
Gossip Address: 127.0.0.1:1024
TPU Address: 127.0.0.1:1027
JSON RPC URL: http://127.0.0.1:8899
WebSocket PubSub URL: ws://127.0.0.1:8900
00:00:01 | Processed Slot: 1 | Confirmed Slot: 1 | Finalized Slot: 0 | Full Snapshot Slot: - | Incremental Snapshot Slot: - | Transactions: 0 | ◎500.000000000
00:00:01 | Processed Slot: 1 | Confirmed Slot: 1 | Finalized Slot: 0 | Full Snapshot Slot: - | Incremental Snapshot Slot: - | Transactions: 0 | ◎500.000000000
00:00:02 | Processed Slot: 2 | Confirmed Slot: 2 | Finalized Slot: 0 | Full Snapshot Slot: - | Incremental Snapshot Slot: - | Transactions: 1 | ◎499.999995000
00:00:02 | Processed Slot: 2 | Confirmed Slot: 2 | Finalized Slot: 0 | Full Snapshot Slot: - | Incremental Snapshot Slot: - | Transactions: 1 | ◎499.999995000
00:00:02 | Processed Slot: 3 | Confirmed Slot: 3 | Finalized Slot: 0 | Full Snapshot Slot: - | Incremental Snapshot Slot: - | Transactions: 2 | ◎499.999990000
00:00:02 | Processed Slot: 4 | Confirmed Slot: 4 | Finalized Slot: 0 | Full Snapshot Slot: - | Incremental Snapshot Slot: - | Transactions: 3 | ◎499.999985000
00:00:03 | Processed Slot: 4 | Confirmed Slot: 4 | Finalized Slot: 0 | Full Snapshot Slot: - | Incremental Snapshot Slot: - | Transactions: 3 | ◎499.999985000
00:00:03 | Processed Slot: 5 | Confirmed Slot: 5 | Finalized Slot: 0 | Full Snapshot Slot: - | Incremental Snapshot Slot: - | Transactions: 4 | ◎499.999980000
00:00:03 | Processed Slot: 5 | Confirmed Slot: 5 | Finalized Slot: 0 | Full Snapshot Slot: - | Incremental Snapshot Slot: - | Transactions: 4 | ◎499.999980000
00:00:03 | Processed Slot: 6 | Confirmed Slot: 6 | Finalized Slot: 0 | Full Snapshot Slot: - | Incremental Snapshot Slot: - | Transactions: 5 | ◎499.999975000
00:00:04 | Processed Slot: 6 | Confirmed Slot: 6 | Finalized Slot: 0 | Full Snapshot Slot: - | Incremental Snapshot Slot: - | Transactions: 5 | ◎499.999975000
00:00:04 | Processed Slot: 7 | Confirmed Slot: 7 | Finalized Slot: 0 | Full Snapshot Slot: - | Incremental Snapshot Slot: - | Transactions: 6 | ◎499.999970000
00:00:04 | Processed Slot: 7 | Confirmed Slot: 7 | Finalized Slot: 0 | Full Snapshot Slot: - | Incremental Snapshot Slot: - | Transactions: 6 | ◎499.999970000
00:00:04 | Processed Slot: 8 | Confirmed Slot: 8 | Finalized Slot: 0 | Full Snapshot Slot: - | Incremental Snapshot Slot: - | Transactions: 7 | ◎499.999965000
00:00:05 | Processed Slot: 9 | Confirmed Slot: 8 | Finalized Slot: 0 | Full Snapshot Slot: - | Incremental Snapshot Slot: - | Transactions: 8 | ◎499.999965000
00:00:05 | Processed Slot: 9 | Confirmed Slot: 9 | Finalized Slot: 0 | Full Snapshot Slot: - | Incremental Snapshot Slot: - | Transactions: 8 | ◎499.999960000
00:00:05 | Processed Slot: 10 | Confirmed Slot: 10 | Finalized Slot: 0 | Full Snapshot Slot: - | Incremental Snapshot Slot: - | Transactions: 9 | ◎499.999955000
00:00:05 | Processed Slot: 10 | Confirmed Slot: 10 | Finalized Slot: 0 | Full Snapshot Slot: - | Incremental Snapshot Slot: - | Transactions: 9 | ◎499.999955000
00:00:06 | Processed Slot: 11 | Confirmed Slot: 11 | Finalized Slot: 0 | Full Snapshot Slot: - | Incremental Snapshot Slot: - | Transactions: 10 | ◎499.999950000
00:00:06 | Processed Slot: 11 | Confirmed Slot: 11 | Finalized Slot: 0 | Full Snapshot Slot: - | Incremental Snapshot Slot: - | Transactions: 10 | ◎499.999950000
00:00:06 | Processed Slot: 12 | Confirmed Slot: 12 | Finalized Slot: 0 | Full Snapshot Slot: - | Incremental Snapshot Slot: - | Transactions: 11 | ◎499.999945000
00:00:06 | Processed Slot: 12 | Confirmed Slot: 12 | Finalized Slot: 0 | Full Snapshot Slot: - | Incremental Snapshot Slot: - | Transactions: 11 | ◎499.999945000
00:00:07 | Processed Slot: 13 | Confirmed Slot: 13 | Finalized Slot: 0 | Full Snapshot Slot: - | Incremental Snapshot Slot: - | Transactions: 12 | ◎499.999940000
00:00:07 | Processed Slot: 13 | Confirmed Slot: 13 | Finalized Slot: 0 | Full Snapshot Slot: - | Incremental Snapshot Slot: - | Transactions: 12 | ◎499.999940000
00:00:07 | Processed Slot: 14 | Confirmed Slot: 14 | Finalized Slot: 0 | Full Snapshot Slot: - | Incremental Snapshot Slot: - | Transactions: 13 | ◎499.999935000
00:00:07 | Processed Slot: 15 | Confirmed Slot: 14 | Finalized Slot: 0 | Full Snapshot Slot: - | Incremental Snapshot Slot: - | Transactions: 14 | ◎499.999935000
00:00:08 | Processed Slot: 15 | Confirmed Slot: 15 | Finalized Slot: 0 | Full Snapshot Slot: - | Incremental Snapshot Slot: - | Transactions: 14 | ◎499.999930000
00:00:08 | Processed Slot: 16 | Confirmed Slot: 16 | Finalized Slot: 0 | Full Snapshot Slot: - | Incremental Snapshot Slot: - | Transactions: 15 | ◎499.999925000
00:00:08 | Processed Slot: 16 | Confirmed Slot: 16 | Finalized Slot: 0 | Full Snapshot Slot: - | Incremental Snapshot Slot: - | Transactions: 15 | ◎499.999925000
00:00:09 | Processed Slot: 17 | Confirmed Slot: 17 | Finalized Slot: 0 | Full Snapshot Slot: - | Incremental Snapshot Slot: - | Transactions: 16 | ◎499.999920000
00:00:09 | Processed Slot: 17 | Confirmed Slot: 17 | Finalized Slot: 0 | Full Snapshot Slot: - | Incremental Snapshot Slot: - | Transactions: 16 | ◎499.999920000
00:00:09 | Processed Slot: 18 | Confirmed Slot: 18 | Finalized Slot: 0 | Full Snapshot Slot: - | Incremental Snapshot Slot: - | Transactions: 17 | ◎499.999915000
00:00:09 | Processed Slot: 18 | Confirmed Slot: 18 | Finalized Slot: 0 | Full Snapshot Slot: - | Incremental Snapshot Slot: - | Transactions: 17 | ◎499.999915000
00:00:10 | Processed Slot: 19 | Confirmed Slot: 19 | Finalized Slot: 0 | Full Snapshot Slot: - | Incremental Snapshot Slot: - | Transactions: 18 | ◎499.999910000
00:00:10 | Processed Slot: 19 | Confirmed Slot: 19 | Finalized Slot: 0 | Full Snapshot Slot: - | Incremental Snapshot Slot: - | Transactions: 18 | ◎499.999910000
00:00:10 | Processed Slot: 20 | Confirmed Slot: 20 | Finalized Slot: 0 | Full Snapshot Slot: - | Incremental Snapshot Slot: - | Transactions: 19 | ◎499.999905000
00:00:10 | Processed Slot: 20 | Confirmed Slot: 20 | Finalized Slot: 0 | Full Snapshot Slot: - | Incremental Snapshot Slot: - | Transactions: 19 | ◎499.999905000
00:00:11 | Processed Slot: 21 | Confirmed Slot: 21 | Finalized Slot: 0 | Full Snapshot Slot: - | Incremental Snapshot Slot: - | Transactions: 20 | ◎499.999900000
00:00:11 | Processed Slot: 22 | Confirmed Slot: 22 | Finalized Slot: 0 | Full Snapshot Slot: - | Incremental Snapshot Slot: - | Transactions: 21 | ◎499.999895000
00:00:11 | Processed Slot: 22 | Confirmed Slot: 22 | Finalized Slot: 0 | Full Snapshot Slot: - | Incremental Snapshot Slot: - | Transactions: 21 | ◎499.999895000
00:00:11 | Processed Slot: 23 | Confirmed Slot: 23 | Finalized Slot: 0 | Full Snapshot Slot: - | Incremental Snapshot Slot: - | Transactions: 22 | ◎499.999890000
00:00:12 | Processed Slot: 23 | Confirmed Slot: 23 | Finalized Slot: 0 | Full Snapshot Slot: - | Incremental Snapshot Slot: - | Transactions: 22 | ◎499.999890000
00:00:12 | Processed Slot: 24 | Confirmed Slot: 24 | Finalized Slot: 0 | Full Snapshot Slot: - | Incremental Snapshot Slot: - | Transactions: 23 | ◎499.999885000
00:00:12 | Processed Slot: 24 | Confirmed Slot: 24 | Finalized Slot: 0 | Full Snapshot Slot: - | Incremental Snapshot Slot: - | Transactions: 23 | ◎499.999885000
00:00:12 | Processed Slot: 25 | Confirmed Slot: 25 | Finalized Slot: 0 | Full Snapshot Slot: - | Incremental Snapshot Slot: - | Transactions: 24 | ◎499.999880000
00:00:13 | Processed Slot: 25 | Confirmed Slot: 25 | Finalized Slot: 0 | Full Snapshot Slot: - | Incremental Snapshot Slot: - | Transactions: 24 | ◎499.999880000
00:00:13 | Processed Slot: 26 | Confirmed Slot: 26 | Finalized Slot: 0 | Full Snapshot Slot: - | Incremental Snapshot Slot: - | Transactions: 25 | ◎499.999875000
00:00:13 | Processed Slot: 26 | Confirmed Slot: 26 | Finalized Slot: 0 | Full Snapshot Slot: - | Incremental Snapshot Slot: - | Transactions: 25 | ◎499.999875000
00:00:13 | Processed Slot: 27 | Confirmed Slot: 27 | Finalized Slot: 0 | Full Snapshot Slot: - | Incremental Snapshot Slot: - | Transactions: 26 | ◎499.999870000
00:00:14 | Processed Slot: 28 | Confirmed Slot: 28 | Finalized Slot: 0 | Full Snapshot Slot: - | Incremental Snapshot Slot: - | Transactions: 27 | ◎499.999865000
00:00:14 | Processed Slot: 28 | Confirmed Slot: 28 | Finalized Slot: 0 | Full Snapshot Slot: - | Incremental Snapshot Slot: - | Transactions: 27 | ◎499.999865000
00:00:14 | Processed Slot: 29 | Confirmed Slot: 29 | Finalized Slot: 0 | Full Snapshot Slot: - | Incremental Snapshot Slot: - | Transactions: 28 | ◎499.999860000
00:00:14 | Processed Slot: 29 | Confirmed Slot: 29 | Finalized Slot: 0 | Full Snapshot Slot: - | Incremental Snapshot Slot: - | Transactions: 28 | ◎499.999860000
00:00:15 | Processed Slot: 30 | Confirmed Slot: 30 | Finalized Slot: 0 | Full Snapshot Slot: - | Incremental Snapshot Slot: - | Transactions: 29 | ◎499.999855000
00:00:15 | Processed Slot: 30 | Confirmed Slot: 30 | Finalized Slot: 0 | Full Snapshot Slot: - | Incremental Snapshot Slot: - | Transactions: 29 | ◎499.999855000
00:00:15 | Processed Slot: 31 | Confirmed Slot: 31 | Finalized Slot: 0 | Full Snapshot Slot: - | Incremental Snapshot Slot: - | Transactions: 30 | ◎499.999850000
00:00:15 | Processed Slot: 31 | Confirmed Slot: 31 | Finalized Slot: 0 | Full Snapshot Slot: - | Incremental Snapshot Slot: - | Transactions: 30 | ◎499.999850000
00:00:16 | Processed Slot: 32 | Confirmed Slot: 32 | Finalized Slot: 0 | Full Snapshot Slot: - | Incremental Snapshot Slot: - | Transactions: 31 | ◎499.999845000
00:00:16 | Processed Slot: 32 | Confirmed Slot: 32 | Finalized Slot: 0 | Full Snapshot Slot: - | Incremental Snapshot Slot: - | Transactions: 31 | ◎499.999845000
00:00:16 | Processed Slot: 33 | Confirmed Slot: 33 | Finalized Slot: 1 | Full Snapshot Slot: - | Incremental Snapshot Slot: - | Transactions: 32 | ◎499.999840000
00:00:16 | Processed Slot: 34 | Confirmed Slot: 34 | Finalized Slot: 2 | Full Snapshot Slot: - | Incremental Snapshot Slot: - | Transactions: 33 | ◎499.999835000
00:00:17 | Processed Slot: 34 | Confirmed Slot: 34 | Finalized Slot: 2 | Full Snapshot Slot: - | Incremental Snapshot Slot: - | Transactions: 33 | ◎499.999835000
00:00:17 | Processed Slot: 35 | Confirmed Slot: 35 | Finalized Slot: 3 | Full Snapshot Slot: - | Incremental Snapshot Slot: - | Transactions: 34 | ◎499.999830000
00:00:17 | Processed Slot: 35 | Confirmed Slot: 35 | Finalized Slot: 3 | Full Snapshot Slot: - | Incremental Snapshot Slot: - | Transactions: 34 | ◎499.999830000
00:00:17 | Processed Slot: 36 | Confirmed Slot: 36 | Finalized Slot: 4 | Full Snapshot Slot: - | Incremental Snapshot Slot: - | Transactions: 35 | ◎499.999825000
00:00:18 | Processed Slot: 36 | Confirmed Slot: 36 | Finalized Slot: 4 | Full Snapshot Slot: - | Incremental Snapshot Slot: - | Transactions: 35 | ◎499.999825000
00:00:18 | Processed Slot: 37 | Confirmed Slot: 37 | Finalized Slot: 5 | Full Snapshot Slot: - | Incremental Snapshot Slot: - | Transactions: 36 | ◎499.999820000
00:00:18 | Processed Slot: 37 | Confirmed Slot: 37 | Finalized Slot: 5 | Full Snapshot Slot: - | Incremental Snapshot Slot: - | Transactions: 36 | ◎499.999820000
00:00:18 | Processed Slot: 38 | Confirmed Slot: 38 | Finalized Slot: 6 | Full Snapshot Slot: - | Incremental Snapshot Slot: - | Transactions: 37 | ◎499.999815000
00:00:19 | Processed Slot: 39 | Confirmed Slot: 38 | Finalized Slot: 7 | Full Snapshot Slot: - | Incremental Snapshot Slot: - | Transactions: 38 | ◎499.999815000
00:00:19 | Processed Slot: 39 | Confirmed Slot: 39 | Finalized Slot: 7 | Full Snapshot Slot: - | Incremental Snapshot Slot: - | Transactions: 38 | ◎499.999810000
00:00:19 | Processed Slot: 40 | Confirmed Slot: 40 | Finalized Slot: 8 | Full Snapshot Slot: - | Incremental Snapshot Slot: - | Transactions: 39 | ◎499.999805000
00:00:19 | Processed Slot: 40 | Confirmed Slot: 40 | Finalized Slot: 8 | Full Snapshot Slot: - | Incremental Snapshot Slot: - | Transactions: 39 | ◎499.999805000
00:00:20 | Processed Slot: 41 | Confirmed Slot: 41 | Finalized Slot: 9 | Full Snapshot Slot: - | Incremental Snapshot Slot: - | Transactions: 41 | ◎499.999802500
00:00:20 | Processed Slot: 41 | Confirmed Slot: 41 | Finalized Slot: 9 | Full Snapshot Slot: - | Incremental Snapshot Slot: - | Transactions: 41 | ◎499.999802500
00:00:20 | Processed Slot: 42 | Confirmed Slot: 42 | Finalized Slot: 10 | Full Snapshot Slot: - | Incremental Snapshot Slot: - | Transactions: 42 | ◎499.999797500
00:00:21 | Processed Slot: 42 | Confirmed Slot: 42 | Finalized Slot: 10 | Full Snapshot Slot: - | Incremental Snapshot Slot: - | Transactions: 42 | ◎499.999797500
00:00:21 | Processed Slot: 43 | Confirmed Slot: 43 | Finalized Slot: 11 | Full Snapshot Slot: - | Incremental Snapshot Slot: - | Transactions: 43 | ◎499.999792500
00:00:21 | Processed Slot: 43 | Confirmed Slot: 43 | Finalized Slot: 11 | Full Snapshot Slot: - | Incremental Snapshot Slot: - | Transactions: 43 | ◎499.999792500
00:00:21 | Processed Slot: 44 | Confirmed Slot: 44 | Finalized Slot: 12 | Full Snapshot Slot: - | Incremental Snapshot Slot: - | Transactions: 44 | ◎499.999787500
00:00:22 | Processed Slot: 45 | Confirmed Slot: 44 | Finalized Slot: 13 | Full Snapshot Slot: - | Incremental Snapshot Slot: - | Transactions: 45 | ◎499.999787500
00:00:22 | Processed Slot: 45 | Confirmed Slot: 45 | Finalized Slot: 13 | Full Snapshot Slot: - | Incremental Snapshot Slot: - | Transactions: 45 | ◎499.999782500
00:00:22 | Processed Slot: 46 | Confirmed Slot: 46 | Finalized Slot: 14 | Full Snapshot Slot: - | Incremental Snapshot Slot: - | Transactions: 46 | ◎499.999777500
00:00:22 | Processed Slot: 46 | Confirmed Slot: 46 | Finalized Slot: 14 | Full Snapshot Slot: - | Incremental Snapshot Slot: - | Transactions: 46 | ◎499.999777500
00:00:23 | Processed Slot: 47 | Confirmed Slot: 47 | Finalized Slot: 15 | Full Snapshot Slot: - | Incremental Snapshot Slot: - | Transactions: 47 | ◎499.999772500
00:00:23 | Processed Slot: 47 | Confirmed Slot: 47 | Finalized Slot: 15 | Full Snapshot Slot: - | Incremental Snapshot Slot: - | Transactions: 47 | ◎499.999772500
00:00:23 | Processed Slot: 48 | Confirmed Slot: 48 | Finalized Slot: 16 | Full Snapshot Slot: - | Incremental Snapshot Slot: - | Transactions: 48 | ◎499.999767500
00:00:23 | Processed Slot: 48 | Confirmed Slot: 48 | Finalized Slot: 16 | Full Snapshot Slot: - | Incremental Snapshot Slot: - | Transactions: 48 | ◎499.999767500
00:00:24 | Processed Slot: 49 | Confirmed Slot: 49 | Finalized Slot: 17 | Full Snapshot Slot: - | Incremental Snapshot Slot: - | Transactions: 49 | ◎499.999762500
00:00:24 | Processed Slot: 49 | Confirmed Slot: 49 | Finalized Slot: 17 | Full Snapshot Slot: - | Incremental Snapshot Slot: - | Transactions: 49 | ◎499.999762500
00:00:24 | Processed Slot: 50 | Confirmed Slot: 50 | Finalized Slot: 18 | Full Snapshot Slot: - | Incremental Snapshot Slot: - | Transactions: 50 | ◎499.999757500
00:00:24 | Processed Slot: 51 | Confirmed Slot: 50 | Finalized Slot: 19 | Full Snapshot Slot: - | Incremental Snapshot Slot: - | Transactions: 51 | ◎499.999757500
00:00:25 | Processed Slot: 51 | Confirmed Slot: 51 | Finalized Slot: 19 | Full Snapshot Slot: - | Incremental Snapshot Slot: - | Transactions: 51 | ◎499.999752500
00:00:25 | Processed Slot: 52 | Confirmed Slot: 52 | Finalized Slot: 20 | Full Snapshot Slot: - | Incremental Snapshot Slot: - | Transactions: 52 | ◎499.999747500
00:00:25 | Processed Slot: 52 | Confirmed Slot: 52 | Finalized Slot: 20 | Full Snapshot Slot: - | Incremental Snapshot Slot: - | Transactions: 52 | ◎499.999747500
00:00:25 | Processed Slot: 53 | Confirmed Slot: 53 | Finalized Slot: 21 | Full Snapshot Slot: - | Incremental Snapshot Slot: - | Transactions: 53 | ◎499.999742500
00:00:26 | Processed Slot: 53 | Confirmed Slot: 53 | Finalized Slot: 21 | Full Snapshot Slot: - | Incremental Snapshot Slot: - | Transactions: 53 | ◎499.999742500
00:00:26 | Processed Slot: 54 | Confirmed Slot: 54 | Finalized Slot: 22 | Full Snapshot Slot: - | Incremental Snapshot Slot: - | Transactions: 54 | ◎499.999737500
00:00:26 | Processed Slot: 54 | Confirmed Slot: 54 | Finalized Slot: 22 | Full Snapshot Slot: - | Incremental Snapshot Slot: - | Transactions: 54 | ◎499.999737500
00:00:26 | Processed Slot: 55 | Confirmed Slot: 55 | Finalized Slot: 23 | Full Snapshot Slot: - | Incremental Snapshot Slot: - | Transactions: 55 | ◎499.999732500
00:00:27 | Processed Slot: 55 | Confirmed Slot: 55 | Finalized Slot: 23 | Full Snapshot Slot: - | Incremental Snapshot Slot: - | Transactions: 55 | ◎499.999732500
00:00:27 | Processed Slot: 56 | Confirmed Slot: 56 | Finalized Slot: 24 | Full Snapshot Slot: - | Incremental Snapshot Slot: - | Transactions: 56 | ◎499.999727500
00:00:27 | Processed Slot: 57 | Confirmed Slot: 57 | Finalized Slot: 25 | Full Snapshot Slot: - | Incremental Snapshot Slot: - | Transactions: 57 | ◎499.999722500
00:00:27 | Processed Slot: 57 | Confirmed Slot: 57 | Finalized Slot: 25 | Full Snapshot Slot: - | Incremental Snapshot Slot: - | Transactions: 57 | ◎499.999722500
00:00:28 | Processed Slot: 58 | Confirmed Slot: 58 | Finalized Slot: 26 | Full Snapshot Slot: - | Incremental Snapshot Slot: - | Transactions: 58 | ◎499.999717500
00:00:28 | Processed Slot: 58 | Confirmed Slot: 58 | Finalized Slot: 26 | Full Snapshot Slot: - | Incremental Snapshot Slot: - | Transactions: 58 | ◎499.999717500
00:00:28 | Processed Slot: 59 | Confirmed Slot: 59 | Finalized Slot: 27 | Full Snapshot Slot: - | Incremental Snapshot Slot: - | Transactions: 59 | ◎499.999712500
00:00:28 | Processed Slot: 59 | Confirmed Slot: 59 | Finalized Slot: 27 | Full Snapshot Slot: - | Incremental Snapshot Slot: - | Transactions: 59 | ◎499.999712500
00:00:29 | Processed Slot: 60 | Confirmed Slot: 60 | Finalized Slot: 28 | Full Snapshot Slot: - | Incremental Snapshot Slot: - | Transactions: 60 | ◎499.999707500
00:00:29 | Processed Slot: 60 | Confirmed Slot: 60 | Finalized Slot: 28 | Full Snapshot Slot: - | Incremental Snapshot Slot: - | Transactions: 60 | ◎499.999707500
00:00:29 | Processed Slot: 61 | Confirmed Slot: 61 | Finalized Slot: 29 | Full Snapshot Slot: - | Incremental Snapshot Slot: - | Transactions: 61 | ◎499.999702500
00:00:29 | Processed Slot: 61 | Confirmed Slot: 61 | Finalized Slot: 29 | Full Snapshot Slot: - | Incremental Snapshot Slot: - | Transactions: 61 | ◎499.999702500
00:00:30 | Processed Slot: 62 | Confirmed Slot: 62 | Finalized Slot: 30 | Full Snapshot Slot: - | Incremental Snapshot Slot: - | Transactions: 62 | ◎499.999697500
00:00:30 | Processed Slot: 63 | Confirmed Slot: 63 | Finalized Slot: 31 | Full Snapshot Slot: - | Incremental Snapshot Slot: - | Transactions: 63 | ◎499.999692500
00:00:30 | Processed Slot: 63 | Confirmed Slot: 63 | Finalized Slot: 31 | Full Snapshot Slot: - | Incremental Snapshot Slot: - | Transactions: 63 | ◎499.999692500
00:00:30 | Processed Slot: 64 | Confirmed Slot: 64 | Finalized Slot: 32 | Full Snapshot Slot: - | Incremental Snapshot Slot: - | Transactions: 64 | ◎499.999687500
00:00:31 | Processed Slot: 64 | Confirmed Slot: 64 | Finalized Slot: 32 | Full Snapshot Slot: - | Incremental Snapshot Slot: - | Transactions: 64 | ◎499.999687500
00:00:31 | Processed Slot: 65 | Confirmed Slot: 65 | Finalized Slot: 33 | Full Snapshot Slot: - | Incremental Snapshot Slot: - | Transactions: 65 | ◎499.999682500
00:00:31 | Processed Slot: 65 | Confirmed Slot: 65 | Finalized Slot: 33 | Full Snapshot Slot: - | Incremental Snapshot Slot: - | Transactions: 65 | ◎499.999682500
00:00:32 | Processed Slot: 66 | Confirmed Slot: 66 | Finalized Slot: 34 | Full Snapshot Slot: - | Incremental Snapshot Slot: - | Transactions: 66 | ◎499.999677500
00:00:32 | Processed Slot: 66 | Confirmed Slot: 66 | Finalized Slot: 34 | Full Snapshot Slot: - | Incremental Snapshot Slot: - | Transactions: 66 | ◎499.999677500
00:00:32 | Processed Slot: 67 | Confirmed Slot: 67 | Finalized Slot: 35 | Full Snapshot Slot: - | Incremental Snapshot Slot: - | Transactions: 67 | ◎499.999672500
00:00:32 | Processed Slot: 67 | Confirmed Slot: 67 | Finalized Slot: 35 | Full Snapshot Slot: - | Incremental Snapshot Slot: - | Transactions: 67 | ◎499.999672500
00:00:33 | Processed Slot: 68 | Confirmed Slot: 68 | Finalized Slot: 36 | Full Snapshot Slot: - | Incremental Snapshot Slot: - | Transactions: 68 | ◎499.999667500
00:00:33 | Processed Slot: 69 | Confirmed Slot: 69 | Finalized Slot: 37 | Full Snapshot Slot: - | Incremental Snapshot Slot: - | Transactions: 69 | ◎499.999662500
00:00:33 | Processed Slot: 69 | Confirmed Slot: 69 | Finalized Slot: 37 | Full Snapshot Slot: - | Incremental Snapshot Slot: - | Transactions: 69 | ◎499.999662500
00:00:33 | Processed Slot: 70 | Confirmed Slot: 70 | Finalized Slot: 38 | Full Snapshot Slot: - | Incremental Snapshot Slot: - | Transactions: 70 | ◎499.999657500
00:00:34 | Processed Slot: 70 | Confirmed Slot: 70 | Finalized Slot: 38 | Full Snapshot Slot: - | Incremental Snapshot Slot: - | Transactions: 70 | ◎499.999657500
00:00:34 | Processed Slot: 71 | Confirmed Slot: 71 | Finalized Slot: 39 | Full Snapshot Slot: - | Incremental Snapshot Slot: - | Transactions: 71 | ◎499.999652500
00:00:34 | Processed Slot: 71 | Confirmed Slot: 71 | Finalized Slot: 39 | Full Snapshot Slot: - | Incremental Snapshot Slot: - | Transactions: 71 | ◎499.999652500
00:00:34 | Processed Slot: 72 | Confirmed Slot: 72 | Finalized Slot: 40 | Full Snapshot Slot: - | Incremental Snapshot Slot: - | Transactions: 72 | ◎499.999647500
00:00:35 | Processed Slot: 72 | Confirmed Slot: 72 | Finalized Slot: 40 | Full Snapshot Slot: - | Incremental Snapshot Slot: - | Transactions: 72 | ◎499.999647500
00:00:35 | Processed Slot: 73 | Confirmed Slot: 73 | Finalized Slot: 41 | Full Snapshot Slot: - | Incremental Snapshot Slot: - | Transactions: 73 | ◎499.999642500
